==19260== Memcheck, a memory error detector
==19260== Copyright (C) 2002-2017, and GNU GPL'd, by Julian Seward et al.
==19260== Using Valgrind-3.18.1 and LibVEX; rerun with -h for copyright info
==19260== Command: bin/xacto -p 9999
==19260== Parent PID: 19248
==19260== 
==19260== 
==19260== FILE DESCRIPTORS: 9 open (3 std) at exit.
==19260== Open AF_INET socket 6: 127.0.0.1:9999 <-> unbound
==19260==    at 0x49955D7: accept (accept.c:26)
==19260==    by 0x10A98F: main (main.c:73)
==19260== 
==19260== Open AF_INET socket 5: 0.0.0.0:9999 <-> unbound
==19260==    at 0x4995CEB: socket (syscall-template.S:120)
==19260==    by 0x10A8F2: main (main.c:61)
==19260== 
==19260== Open file descriptor 12: /dev/shm/bxf_arena_19246 (deleted)
==19260==    <inherited from parent>
==19260== 
==19260== Open file descriptor 11: /dev/shm/bxf_arena_19246 (deleted)
==19260==    <inherited from parent>
==19260== 
==19260== Open file descriptor 4:
==19260==    <inherited from parent>
==19260== 
==19260== Open file descriptor 3: /home/student/wriggs/hw5/valgrind.out
==19260==    <inherited from parent>
==19260== 
==19260== 
==19260== HEAP SUMMARY:
==19260==     in use at exit: 4 bytes in 1 blocks
==19260==   total heap usage: 8 allocs, 7 frees, 820 bytes allocated
==19260== 
==19260== LEAK SUMMARY:
==19260==    definitely lost: 0 bytes in 0 blocks
==19260==    indirectly lost: 0 bytes in 0 blocks
==19260==      possibly lost: 0 bytes in 0 blocks
==19260==    still reachable: 4 bytes in 1 blocks
==19260==         suppressed: 0 bytes in 0 blocks
==19260== Reachable blocks (those to which a pointer was found) are not shown.
==19260== To see them, rerun with: --leak-check=full --show-leak-kinds=all
==19260== 
==19260== For lists of detected and suppressed errors, rerun with: -s
==19260== ERROR SUMMARY: 0 errors from 0 contexts (suppressed: 0 from 0)
